<?xml version="1.0" encoding="UTF-8"?>
<!-- Generated by org.testng.reporters.JUnitReportReporter -->
<testsuite skipped="0" hostname="LAPTOP-JVJ25PVM" name="com.resources.ExtentReportCode" tests="2" failures="0" timestamp="28 Nov 2019 17:08:11 GMT" time="42.695" errors="0">
  <testcase name="atest" time="12.438" classname="com.resources.ExtentReportCode"/>
  <testcase name="btest" time="30.257" classname="com.resources.ExtentReportCode"/>
</testsuite> <!-- com.resources.ExtentReportCode -->
