<?xml version="1.0" encoding="UTF-8"?>
<!-- Generated by org.testng.reporters.JUnitReportReporter -->
<testsuite skipped="0" hostname="LAPTOP-JVJ25PVM" name="com.resources.ExtentReport" tests="1" failures="0" timestamp="27 Nov 2019 18:03:30 GMT" time="16.247" errors="0">
  <testcase name="facebook" time="16.247" classname="com.resources.ExtentReport"/>
</testsuite> <!-- com.resources.ExtentReport -->
